<?xml version="1.0" encoding="UTF-8"?>
<testsuite xmlns:xsi="http://www.w3.org/2001/XMLSchema-instance" xsi:noNamespaceSchemaLocation="https://maven.apache.org/surefire/maven-surefire-plugin/xsd/surefire-test-report-3.0.xsd" version="3.0" name="VoluntarioDAOTest" time="0.137" tests="3" errors="0" skipped="0" failures="0">
  <properties>
    <property name="java.specification.version" value="22"/>
    <property name="sun.cpu.isalist" value="amd64"/>
    <property name="sun.jnu.encoding" value="Cp1252"/>
    <property name="java.class.path" value="C:\Competencia 1 - Faculdade\UTFPR-COMPT-1\BonsFluidos\target\test-classes;C:\Competencia 1 - Faculdade\UTFPR-COMPT-1\BonsFluidos\target\classes;C:\Users\gabri\.m2\repository\jakarta\servlet\jakarta.servlet-api\6.0.0\jakarta.servlet-api-6.0.0.jar;C:\Users\gabri\.m2\repository\junit\junit\4.13.2\junit-4.13.2.jar;C:\Users\gabri\.m2\repository\org\hamcrest\hamcrest-core\1.3\hamcrest-core-1.3.jar;C:\Users\gabri\.m2\repository\javax\javaee-api\8.0\javaee-api-8.0.jar;C:\Users\gabri\.m2\repository\com\sun\mail\javax.mail\1.6.0\javax.mail-1.6.0.jar;C:\Users\gabri\.m2\repository\javax\activation\activation\1.1\activation-1.1.jar;C:\Users\gabri\.m2\repository\com\mysql\mysql-connector-j\8.0.33\mysql-connector-j-8.0.33.jar;C:\Users\gabri\.m2\repository\com\google\protobuf\protobuf-java\3.21.9\protobuf-java-3.21.9.jar;C:\Users\gabri\.m2\repository\org\dbunit\dbunit\2.7.0\dbunit-2.7.0.jar;C:\Users\gabri\.m2\repository\org\slf4j\slf4j-api\1.7.25\slf4j-api-1.7.25.jar;C:\Users\gabri\.m2\repository\commons-collections\commons-collections\3.2.2\commons-collections-3.2.2.jar;C:\Users\gabri\.m2\repository\org\apache\poi\poi-ooxml\3.17\poi-ooxml-3.17.jar;C:\Users\gabri\.m2\repository\org\apache\poi\poi\3.17\poi-3.17.jar;C:\Users\gabri\.m2\repository\commons-codec\commons-codec\1.10\commons-codec-1.10.jar;C:\Users\gabri\.m2\repository\org\apache\commons\commons-collections4\4.1\commons-collections4-4.1.jar;C:\Users\gabri\.m2\repository\org\apache\poi\poi-ooxml-schemas\3.17\poi-ooxml-schemas-3.17.jar;C:\Users\gabri\.m2\repository\org\apache\xmlbeans\xmlbeans\2.6.0\xmlbeans-2.6.0.jar;C:\Users\gabri\.m2\repository\stax\stax-api\1.0.1\stax-api-1.0.1.jar;C:\Users\gabri\.m2\repository\com\github\virtuald\curvesapi\1.04\curvesapi-1.04.jar;C:\Users\gabri\.m2\repository\org\postgresql\postgresql\42.2.5\postgresql-42.2.5.jar;"/>
    <property name="java.vm.vendor" value="Oracle Corporation"/>
    <property name="sun.arch.data.model" value="64"/>
    <property name="user.variant" value=""/>
    <property name="java.vendor.url" value="https://java.oracle.com/"/>
    <property name="user.timezone" value="America/Sao_Paulo"/>
    <property name="os.name" value="Windows 10"/>
    <property name="java.vm.specification.version" value="22"/>
    <property name="user.country" value="BR"/>
    <property name="sun.java.launcher" value="SUN_STANDARD"/>
    <property name="sun.boot.library.path" value="C:\Program Files\Java\jdk-22\bin"/>
    <property name="sun.java.command" value="C:\Users\gabri\AppData\Local\Temp\surefire13459433828732055802\surefirebooter-20250621064711222_3.jar C:\Users\gabri\AppData\Local\Temp\surefire13459433828732055802 2025-06-21T06-47-11_142-jvmRun1 surefire-20250621064711222_1tmp surefire_0-20250621064711222_2tmp"/>
    <property name="jdk.debug" value="release"/>
    <property name="surefire.test.class.path" value="C:\Competencia 1 - Faculdade\UTFPR-COMPT-1\BonsFluidos\target\test-classes;C:\Competencia 1 - Faculdade\UTFPR-COMPT-1\BonsFluidos\target\classes;C:\Users\gabri\.m2\repository\jakarta\servlet\jakarta.servlet-api\6.0.0\jakarta.servlet-api-6.0.0.jar;C:\Users\gabri\.m2\repository\junit\junit\4.13.2\junit-4.13.2.jar;C:\Users\gabri\.m2\repository\org\hamcrest\hamcrest-core\1.3\hamcrest-core-1.3.jar;C:\Users\gabri\.m2\repository\javax\javaee-api\8.0\javaee-api-8.0.jar;C:\Users\gabri\.m2\repository\com\sun\mail\javax.mail\1.6.0\javax.mail-1.6.0.jar;C:\Users\gabri\.m2\repository\javax\activation\activation\1.1\activation-1.1.jar;C:\Users\gabri\.m2\repository\com\mysql\mysql-connector-j\8.0.33\mysql-connector-j-8.0.33.jar;C:\Users\gabri\.m2\repository\com\google\protobuf\protobuf-java\3.21.9\protobuf-java-3.21.9.jar;C:\Users\gabri\.m2\repository\org\dbunit\dbunit\2.7.0\dbunit-2.7.0.jar;C:\Users\gabri\.m2\repository\org\slf4j\slf4j-api\1.7.25\slf4j-api-1.7.25.jar;C:\Users\gabri\.m2\repository\commons-collections\commons-collections\3.2.2\commons-collections-3.2.2.jar;C:\Users\gabri\.m2\repository\org\apache\poi\poi-ooxml\3.17\poi-ooxml-3.17.jar;C:\Users\gabri\.m2\repository\org\apache\poi\poi\3.17\poi-3.17.jar;C:\Users\gabri\.m2\repository\commons-codec\commons-codec\1.10\commons-codec-1.10.jar;C:\Users\gabri\.m2\repository\org\apache\commons\commons-collections4\4.1\commons-collections4-4.1.jar;C:\Users\gabri\.m2\repository\org\apache\poi\poi-ooxml-schemas\3.17\poi-ooxml-schemas-3.17.jar;C:\Users\gabri\.m2\repository\org\apache\xmlbeans\xmlbeans\2.6.0\xmlbeans-2.6.0.jar;C:\Users\gabri\.m2\repository\stax\stax-api\1.0.1\stax-api-1.0.1.jar;C:\Users\gabri\.m2\repository\com\github\virtuald\curvesapi\1.04\curvesapi-1.04.jar;C:\Users\gabri\.m2\repository\org\postgresql\postgresql\42.2.5\postgresql-42.2.5.jar;"/>
    <property name="sun.cpu.endian" value="little"/>
    <property name="user.home" value="C:\Users\gabri"/>
    <property name="user.language" value="pt"/>
    <property name="java.specification.vendor" value="Oracle Corporation"/>
    <property name="java.version.date" value="2024-07-16"/>
    <property name="java.home" value="C:\Program Files\Java\jdk-22"/>
    <property name="file.separator" value="\"/>
    <property name="basedir" value="C:\Competencia 1 - Faculdade\UTFPR-COMPT-1\BonsFluidos"/>
    <property name="java.vm.compressedOopsMode" value="Zero based"/>
    <property name="line.separator" value="&#10;"/>
    <property name="java.vm.specification.vendor" value="Oracle Corporation"/>
    <property name="java.specification.name" value="Java Platform API Specification"/>
    <property name="surefire.real.class.path" value="C:\Users\gabri\AppData\Local\Temp\surefire13459433828732055802\surefirebooter-20250621064711222_3.jar"/>
    <property name="user.script" value=""/>
    <property name="sun.management.compiler" value="HotSpot 64-Bit Tiered Compilers"/>
    <property name="java.runtime.version" value="22.0.2+9-70"/>
    <property name="user.name" value="gabri"/>
    <property name="stdout.encoding" value="Cp1252"/>
    <property name="path.separator" value=";"/>
    <property name="os.version" value="10.0"/>
    <property name="java.runtime.name" value="Java(TM) SE Runtime Environment"/>
    <property name="file.encoding" value="UTF-8"/>
    <property name="java.vm.name" value="Java HotSpot(TM) 64-Bit Server VM"/>
    <property name="maven.ext.class.path" value="C:\Program Files\NetBeans-21\netbeans\java\maven-nblib\netbeans-eventspy.jar"/>
    <property name="localRepository" value="C:\Users\gabri\.m2\repository"/>
    <property name="java.vendor.url.bug" value="https://bugreport.java.com/bugreport/"/>
    <property name="java.io.tmpdir" value="C:\Users\gabri\AppData\Local\Temp\"/>
    <property name="java.version" value="22.0.2"/>
    <property name="user.dir" value="C:\Competencia 1 - Faculdade\UTFPR-COMPT-1\BonsFluidos"/>
    <property name="os.arch" value="amd64"/>
    <property name="java.vm.specification.name" value="Java Virtual Machine Specification"/>
    <property name="sun.os.patch.level" value=""/>
    <property name="native.encoding" value="Cp1252"/>
    <property name="java.library.path" value="C:\Program Files\Java\jdk-22\bin;C:\Windows\Sun\Java\bin;C:\Windows\system32;C:\Windows;C:\Program Files\Common Files\Oracle\Java\javapath;C:\Program Files (x86)\VMware\VMware Workstation\bin\;C:\Windows\system32;C:\Windows;C:\Windows\System32\Wbem;C:\Windows\System32\WindowsPowerShell\v1.0\;C:\Windows\System32\OpenSSH\;C:\Program Files\nodejs\;C:\Program Files\Git\cmd;C:\Users\gabri\AppData\Local\Programs\Python\Launcher\;C:\Users\gabri\AppData\Local\Microsoft\WindowsApps;C:\Users\gabri\AppData\Local\Microsoft\WinGet\Packages\Schniz.fnm_Microsoft.Winget.Source_8wekyb3d8bbwe;C:\Users\gabri\AppData\Roaming\npm;C:\Users\gabri\AppData\Local\Programs\Microsoft VS Code\bin;."/>
    <property name="java.vm.info" value="mixed mode, sharing"/>
    <property name="stderr.encoding" value="Cp1252"/>
    <property name="java.vendor" value="Oracle Corporation"/>
    <property name="java.vm.version" value="22.0.2+9-70"/>
    <property name="sun.io.unicode.encoding" value="UnicodeLittle"/>
    <property name="java.class.version" value="66.0"/>
  </properties>
  <testcase name="excluir" classname="VoluntarioDAOTest" time="0.044">
    <system-out><![CDATA[Carregando o driver...
Driver carregado com sucesso!
Tentando conectar o BD...
BD conectado com sucesso!
Carregando o driver...
Driver carregado com sucesso!
Tentando conectar o BD...
BD conectado com sucesso!
Carregando o driver...
Driver carregado com sucesso!
Tentando conectar o BD...
BD conectado com sucesso!
]]></system-out>
  </testcase>
  <testcase name="atualizar" classname="VoluntarioDAOTest" time="0.036">
    <system-out><![CDATA[Carregando o driver...
Driver carregado com sucesso!
Tentando conectar o BD...
BD conectado com sucesso!
Carregando o driver...
Driver carregado com sucesso!
Tentando conectar o BD...
BD conectado com sucesso!
Carregando o driver...
Driver carregado com sucesso!
Tentando conectar o BD...
BD conectado com sucesso!
]]></system-out>
  </testcase>
  <testcase name="inserir" classname="VoluntarioDAOTest" time="0.056">
    <system-out><![CDATA[Carregando o driver...
Driver carregado com sucesso!
Tentando conectar o BD...
BD conectado com sucesso!
Carregando o driver...
Driver carregado com sucesso!
Tentando conectar o BD...
BD conectado com sucesso!
]]></system-out>
  </testcase>
</testsuite>